Log file open, 05/22/18 17:19:28
LogWindows: Failed to load 'aqProf.dll' (GetLastError=126)
LogWindows: File 'aqProf.dll' does not exist
LogWindows: Failed to load 'VtuneApi.dll' (GetLastError=126)
LogWindows: File 'VtuneApi.dll' does not exist
LogWindows: Failed to load 'VtuneApi32e.dll' (GetLastError=126)
LogWindows: File 'VtuneApi32e.dll' does not exist
LogInit: Display: Running engine for game: Library
LogInit: Display: Project file not found: ../../../Library/Library.uproject
LogInit: Display: 	Attempting to find via project info helper.
LogUProjectInfo: Found projects:
LogPlatformFile: Not using cached read wrapper
LogInit: Display: RandInit(-1442061755) SRandInit(-1442061755).
LogTaskGraph: Started task graph with 5 named threads and 8 total threads with 3 sets of task threads.
LogStats: Stats thread started at 0.111640
LogD3D11RHI: Aftermath initialized
LogPluginManager: Mounting plugin Paper2D
LogPluginManager: Mounting plugin LightPropagationVolume
LogPluginManager: Mounting plugin FacialAnimation
LogPluginManager: Mounting plugin CharacterAI
LogPluginManager: Mounting plugin HTML5Networking
LogPluginManager: Mounting plugin AvfMedia
LogPluginManager: Mounting plugin ImgMedia
LogPluginManager: Mounting plugin MediaCompositing
LogPluginManager: Mounting plugin WmfMedia
LogPluginManager: Mounting plugin TcpMessaging
LogPluginManager: Mounting plugin UdpMessaging
LogPluginManager: Mounting plugin ActorSequence
LogPluginManager: Mounting plugin OnlineSubsystem
LogPluginManager: Mounting plugin OnlineSubsystemNull
LogPluginManager: Mounting plugin OnlineSubsystemUtils
LogPluginManager: Mounting plugin AndroidPermission
LogPluginManager: Mounting plugin AppleARKit
LogPluginManager: Mounting plugin ArchVisCharacter
LogPluginManager: Mounting plugin CableComponent
LogPluginManager: Mounting plugin CustomMeshComponent
LogPluginManager: Mounting plugin ExampleDeviceProfileSelector
LogPluginManager: Mounting plugin ImmediatePhysics
LogPluginManager: Mounting plugin LocationServicesBPLibrary
LogPluginManager: Mounting plugin MobilePatchingUtils
LogPluginManager: Mounting plugin OculusVR
LogPluginManager: Mounting plugin PhysXVehicles
LogPluginManager: Mounting plugin ProceduralMeshComponent
LogPluginManager: Mounting plugin RuntimePhysXCooking
LogPluginManager: Mounting plugin SteamVR
LogPluginManager: Mounting plugin WindowsMoviePlayer
LogInit: Using libcurl 7.47.1
LogInit:  - built for x86_64-pc-win32
LogInit:  - supports SSL with OpenSSL/1.0.2g
LogInit:  - supports HTTP deflate (compression) using libz 1.2.8
LogInit:  - other features:
LogInit:      CURL_VERSION_SSL
LogInit:      CURL_VERSION_LIBZ
LogInit:      CURL_VERSION_IPV6
LogInit:      CURL_VERSION_ASYNCHDNS
LogInit:      CURL_VERSION_LARGEFILE
LogInit:      CURL_VERSION_IDN
LogInit:  CurlRequestOptions (configurable via config and command line):
LogInit:  - bVerifyPeer = false  - Libcurl will NOT verify peer certificate
LogInit:  - bUseHttpProxy = false  - Libcurl will NOT use HTTP proxy
LogInit:  - bDontReuseConnections = false  - Libcurl will reuse connections
LogInit:  - CertBundlePath = nullptr  - Libcurl will use whatever was configured at build time.
LogInit: Build: ++UE4+Release-4.18-CL-3832480
LogInit: Engine Version: 4.18.3-3832480+++UE4+Release-4.18
LogInit: Compatible Engine Version: 4.18.0-3709383+++UE4+Release-4.18
LogInit: Net CL: 3709383
LogDevObjectVersion: Number of dev versions registered: 16
LogDevObjectVersion:   Dev-Blueprints (B0D832E4-1F89-4F0D-ACCF-7EB736FD4AA2): 10
LogDevObjectVersion:   Dev-Build (E1C64328-A22C-4D53-A36C-8E866417BD8C): 0
LogDevObjectVersion:   Dev-Core (375EC13C-06E4-48FB-B500-84F0262A717E): 2
LogDevObjectVersion:   Dev-Editor (E4B068ED-F494-42E9-A231-DA0B2E46BB41): 20
LogDevObjectVersion:   Dev-Framework (CFFC743F-43B0-4480-9391-14DF171D2073): 30
LogDevObjectVersion:   Dev-Mobile (B02B49B5-BB20-44E9-A304-32B752E40360): 0
LogDevObjectVersion:   Dev-Networking (A4E4105C-59A1-49B5-A7C5-40C4547EDFEE): 0
LogDevObjectVersion:   Dev-Online (39C831C9-5AE6-47DC-9A44-9C173E1C8E7C): 0
LogDevObjectVersion:   Dev-Physics (78F01B33-EBEA-4F98-B9B4-84EACCB95AA2): 0
LogDevObjectVersion:   Dev-Platform (6631380F-2D4D-43E0-8009-CF276956A95A): 0
LogDevObjectVersion:   Dev-Rendering (12F88B9F-8875-4AFC-A67C-D90C383ABD29): 20
LogDevObjectVersion:   Dev-Sequencer (7B5AE74C-D270-4C10-A958-57980B212A5A): 4
LogDevObjectVersion:   Dev-VR (D7296918-1DD6-4BDD-9DE2-64A83CC13884): 0
LogDevObjectVersion:   Dev-LoadTimes (C2A15278-BFE7-4AFE-6C17-90FF531DF755): 1
LogDevObjectVersion:   Private-Geometry (6EACA3D4-40EC-4CC1-B786-8BED09428FC5): 1
LogDevObjectVersion:   Dev-AnimPhys (29E575DD-E0A3-4627-9D10-D276232CDCEA): 12
LogInit: Compiled (64-bit): Jan 12 2018 05:53:08
LogInit: Compiled with Visual C++: 19.00.24215.01
LogInit: Build Configuration: Development
LogInit: Branch Name: ++UE4+Release-4.18
LogInit: Command line:  
LogInit: Base directory: C:/Users/Eric/Desktop/WindowsNoEditor/Engine/Binaries/Win64/
LogInit: Installed Engine Build: 0
LogInit: Presizing for max 2097152 objects, including 0 objects not considered by GC, pre-allocating 0 bytes for permanent pool.
LogStreaming: Display: Async Loading initialized: Event Driven Loader: true, Async Loading Thread: false
LogInit: Object subsystem initialized
[2018.05.22-15.19.28:385][  0]LogInit: Selected Device Profile: [WindowsNoEditor]
[2018.05.22-15.19.28:385][  0]LogInit: Applying CVar settings loaded from the selected device profile: [WindowsNoEditor]
[2018.05.22-15.19.28:392][  0]LogInit: Computer: ERIC-PC
[2018.05.22-15.19.28:392][  0]LogInit: User: Eric
[2018.05.22-15.19.28:392][  0]LogInit: CPU Page size=4096, Cores=2
[2018.05.22-15.19.28:392][  0]LogInit: High frequency timer resolution =2.533209 MHz
[2018.05.22-15.19.28:393][  0]LogMemory: Memory total: Physical=7.9GB (8GB approx)
[2018.05.22-15.19.28:393][  0]LogMemory: Platform Memory Stats for WindowsNoEditor
[2018.05.22-15.19.28:393][  0]LogMemory: Process Physical Memory: 94.20 MB used, 94.20 MB peak
[2018.05.22-15.19.28:393][  0]LogMemory: Process Virtual Memory: 106.42 MB used, 106.42 MB peak
[2018.05.22-15.19.28:393][  0]LogMemory: Physical Memory: 4113.90 MB used,  3994.60 MB free, 8108.50 MB total
[2018.05.22-15.19.28:393][  0]LogMemory: Virtual Memory: 307.11 MB used,  3994.60 MB free, 134217728.00 MB total
[2018.05.22-15.19.28:417][  0]LogInit: Using OS detected language (ca-ES).
[2018.05.22-15.19.28:418][  0]LogInit: Using OS detected locale (ca-ES).
[2018.05.22-15.19.28:418][  0]LogTextLocalizationManager: No localization for 'ca-ES' exists, so 'en' will be used for the language.
[2018.05.22-15.19.28:418][  0]LogTextLocalizationManager: No localization for 'ca-ES' exists, so 'en' will be used for the locale.
[2018.05.22-15.19.28:467][  0]LogD3D11RHI: D3D11 adapters:
[2018.05.22-15.19.28:475][  0]LogD3D11RHI:    0. 'Intel(R) HD Graphics 4600' (Feature Level 11_0)
[2018.05.22-15.19.28:475][  0]LogD3D11RHI:       112/0/4054 MB DedicatedVideo/DedicatedSystem/SharedSystem, Outputs:1, VendorId:0x8086
[2018.05.22-15.19.28:476][  0]LogD3D11RHI:    1. 'Microsoft Basic Render Driver' (Feature Level 11_0)
[2018.05.22-15.19.28:477][  0]LogD3D11RHI:       0/0/4054 MB DedicatedVideo/DedicatedSystem/SharedSystem, Outputs:0, VendorId:0x1414
[2018.05.22-15.19.28:477][  0]LogD3D11RHI: Chosen D3D11 Adapter: 0
[2018.05.22-15.19.28:482][  0]LogD3D11RHI: Creating new Direct3DDevice
[2018.05.22-15.19.28:482][  0]LogD3D11RHI:     GPU DeviceId: 0x416 (for the marketing name, search the web for "GPU Device Id")
[2018.05.22-15.19.28:482][  0]LogWindows: EnumDisplayDevices:
[2018.05.22-15.19.28:482][  0]LogWindows:    0. 'Intel(R) HD Graphics 4600' (P:1 D:1)
[2018.05.22-15.19.28:483][  0]LogWindows:    1. 'Intel(R) HD Graphics 4600' (P:0 D:0)
[2018.05.22-15.19.28:483][  0]LogWindows:    2. 'Intel(R) HD Graphics 4600' (P:0 D:0)
[2018.05.22-15.19.28:483][  0]LogWindows: DebugString: FoundDriverCount:3 
[2018.05.22-15.19.28:483][  0]LogD3D11RHI:     Adapter Name: Intel(R) HD Graphics 4600
[2018.05.22-15.19.28:483][  0]LogD3D11RHI:   Driver Version: 10.18.15.4256 (internal:10.18.15.4256, unified:10.18.15.4256)
[2018.05.22-15.19.28:483][  0]LogD3D11RHI:      Driver Date: 7-17-2015
[2018.05.22-15.19.28:484][  0]LogRHI: Texture pool is 1497 MB (70% of 2139 MB)
[2018.05.22-15.19.28:489][  0]LogD3D11RHI: Async texture creation enabled
[2018.05.22-15.19.28:495][  0]LogD3D11RHI: GPU Timing Frequency: 12.500000 (Debug: 2 0)
[2018.05.22-15.19.28:507][  0]LogMaterial: Verifying Global Shaders for PCD3D_SM5
[2018.05.22-15.19.28:507][  0]LogSlate: Using Freetype 2.6.0
[2018.05.22-15.19.28:508][  0]LogSlate: SlateFontCache - WITH_FREETYPE: 1, WITH_HARFBUZZ: 1
[2018.05.22-15.19.28:508][  0]LogSlate: SlateFontCache - WITH_FREETYPE: 1, WITH_HARFBUZZ: 1
[2018.05.22-15.19.28:598][  0]LogAssetRegistry: FAssetRegistry took 0.0355 seconds to start up
[2018.05.22-15.19.28:736][  0]LogPackageLocalizationCache: Processed 7 localized package path(s) for 1 prioritized culture(s) in 0.006038 seconds
[2018.05.22-15.19.28:737][  0]LogPakFile: New pak file ../../../Library/Content/Paks/Library-WindowsNoEditor.pak added to pak precacher.
[2018.05.22-15.19.28:769][  0]LogInit: Selected Device Profile: [WindowsNoEditor]
[2018.05.22-15.19.28:933][  0]LogNetVersion: Library , NetCL: 3709383, EngineNetVer: 2, GameNetVer: 0 (Checksum: 1821632901)
[2018.05.22-15.19.29:157][  0]LogInit: WinSock: version 1.1 (2.2), MaxSocks=32767, MaxUdp=65467
[2018.05.22-15.19.29:172][  0]LogMoviePlayer: Initializing movie player
[2018.05.22-15.19.29:237][  0]LogAndroidPermission: UAndroidPermissionCallbackProxy::GetInstance
[2018.05.22-15.19.29:237][  0]LogOcInput: OculusInput pre-init called
[2018.05.22-15.19.29:242][  0]LogUObjectArray: 31009 objects as part of root set at end of initial load.
[2018.05.22-15.19.29:242][  0]LogUObjectAllocator: 5801344 out of 0 bytes used by permanent object pool.
[2018.05.22-15.19.29:242][  0]LogUObjectArray: CloseDisregardForGC: 0/0 objects in disregard for GC pool
[2018.05.22-15.19.29:254][  0]LogEngine: Initializing Engine...
[2018.05.22-15.19.29:257][  0]LogHMD: Failed to initialize OpenVR with code 100
[2018.05.22-15.19.30:294][  0]LogStats: UGameplayTagsManager::ConstructGameplayTagTree: Construct from data asset -  0.000 s
[2018.05.22-15.19.30:294][  0]LogStats: UGameplayTagsManager::ConstructGameplayTagTree: GameplayTagTreeChangedEvent.Broadcast -  0.000 s
[2018.05.22-15.19.30:305][  0]LogInit: XAudio2 using 'Altavoces (Realtek High Definition Audio)' : 2 channels at 48 kHz using 32 bits per sample (channel mask 0x3)
[2018.05.22-15.19.30:317][  0]LogInit: FAudioDevice initialized.
[2018.05.22-15.19.30:329][  0]LogInit: Texture streaming: Enabled
[2018.05.22-15.19.30:333][  0]LogInit: Display: Game Engine Initialized.
[2018.05.22-15.19.30:333][  0]LogGameplayTags: Display: UGameplayTagsManager::DoneAddingNativeTags. DelegateIsBound: 0
[2018.05.22-15.19.30:346][  0]LogInit: Display: Starting Game.
[2018.05.22-15.19.30:346][  0]LogNet: Browse: /Game/FirstPersonBP/Maps/FirstPersonExampleMap?Name=Player
[2018.05.22-15.19.30:346][  0]LogLoad: LoadMap: /Game/FirstPersonBP/Maps/FirstPersonExampleMap?Name=Player
[2018.05.22-15.19.31:965][  0]LogMaterial: Can't compile metal with cooked content, will use default material instead
[2018.05.22-15.19.31:965][  0]LogMaterial: Warning: /Game/Biblio/metal.metal: Failed to compile Material for platform PCD3D_SM5, Default Material will be used in game.
[2018.05.22-15.19.31:966][  0]LogMaterial: Can't compile Bastón_de_Popola with cooked content, will use default material instead
[2018.05.22-15.19.31:966][  0]LogMaterial: Warning: /Game/Biblio/Bastón_de_Popola.Bastón_de_Popola: Failed to compile Material for platform PCD3D_SM5, Default Material will be used in game.
[2018.05.22-15.19.31:986][  0]LogMaterial: Can't compile Kalil with cooked content, will use default material instead
[2018.05.22-15.19.31:986][  0]LogMaterial: Warning: /Game/Biblio/Kalil.Kalil: Failed to compile Material for platform PCD3D_SM5, Default Material will be used in game.
[2018.05.22-15.19.32:573][  0]LogAIModule: Creating AISystem for world FirstPersonExampleMap
[2018.05.22-15.19.32:573][  0]LogLoad: Game class is 'FirstPersonGameMode_C'
[2018.05.22-15.19.32:583][  0]LogWorld: Bringing World /Game/FirstPersonBP/Maps/FirstPersonExampleMap.FirstPersonExampleMap up for play (max tick rate 0) at 2018.05.22-17.19.32
[2018.05.22-15.19.32:585][  0]LogWorld: Bringing up level for play took: 0.010793
[2018.05.22-15.19.32:585][  0]LogGameMode: FindPlayerStart: PATHS NOT DEFINED or NO PLAYERSTART with positive rating
[2018.05.22-15.19.32:589][  0]LogLoad: Took 2.242878 seconds to LoadMap(/Game/FirstPersonBP/Maps/FirstPersonExampleMap)
[2018.05.22-15.19.32:629][  0]LogSlate: Took 0.000172 seconds to synchronously load lazily loaded font '../../../Engine/Content/EngineFonts/Faces/RobotoRegular.ufont' (155K)
[2018.05.22-15.19.32:634][  0]LogLoad: (Engine Initialization) Total time: 6.63 seconds
[2018.05.22-15.19.32:634][  0]LogExternalProfiler: Found external profiler: VSPerf
[2018.05.22-15.19.32:634][  0]LogExternalProfiler: Using external profiler: VSPerf
[2018.05.22-15.19.32:704][  0]LogRenderer: Reallocating scene render targets to support 1368x768 Format 10 NumSamples 1 (Frame:1).
[2018.05.22-15.19.33:154][  0]LogContentStreaming: Texture pool size now 1000 MB
[2018.05.22-15.19.42:584][133]LogSlate: Request Window 'Library (64-bit, PCD3D_SM5)' being destroyed
[2018.05.22-15.19.42:683][133]LogSlate: Window 'Library (64-bit, PCD3D_SM5)' being destroyed
[2018.05.22-15.19.42:684][133]LogWindowsTextInputMethodSystem: Display: IME system now deactivated.
[2018.05.22-15.19.42:781][134]LogEngine: All Windows Closed
[2018.05.22-15.19.42:781][134]LogWindows: FPlatformMisc::RequestExit(0)
[2018.05.22-15.19.43:303][135]LogExit: Preparing to exit.
[2018.05.22-15.19.43:304][135]LogMoviePlayer: Shutting down movie player
[2018.05.22-15.19.43:320][135]LogExit: Game engine shut down
[2018.05.22-15.19.43:371][135]LogExit: Object subsystem successfully closed.
[2018.05.22-15.19.43:408][135]LogD3D11RHI: Shutdown
[2018.05.22-15.19.43:408][135]LogD3D11RHI: CleanupD3DDevice
[2018.05.22-15.19.43:510][135]LogD3D11RHI: ~FD3D11DynamicRHI
[2018.05.22-15.19.43:510][135]LogModuleManager: Shutting down and abandoning module AutomationController (168)
[2018.05.22-15.19.43:510][135]LogModuleManager: Shutting down and abandoning module AutomationWorker (166)
[2018.05.22-15.19.43:510][135]LogModuleManager: Shutting down and abandoning module AIModule (164)
[2018.05.22-15.19.43:511][135]LogModuleManager: Shutting down and abandoning module GameplayDebugger (163)
[2018.05.22-15.19.43:511][135]LogModuleManager: Shutting down and abandoning module WmfMediaFactory (160)
[2018.05.22-15.19.43:511][135]LogModuleManager: Shutting down and abandoning module OpenExrWrapper (158)
[2018.05.22-15.19.43:511][135]LogModuleManager: Shutting down and abandoning module ImgMediaFactory (156)
[2018.05.22-15.19.43:511][135]LogModuleManager: Shutting down and abandoning module AvfMediaFactory (154)
[2018.05.22-15.19.43:511][135]LogModuleManager: Shutting down and abandoning module CharacterAI (152)
[2018.05.22-15.19.43:511][135]LogModuleManager: Shutting down and abandoning module SessionServices (150)
[2018.05.22-15.19.43:511][135]LogModuleManager: Shutting down and abandoning module MovieSceneTracks (148)
[2018.05.22-15.19.43:511][135]LogModuleManager: Shutting down and abandoning module MovieScene (146)
[2018.05.22-15.19.43:511][135]LogModuleManager: Shutting down and abandoning module GeometryCache (144)
[2018.05.22-15.19.43:511][135]LogModuleManager: Shutting down and abandoning module StreamingPauseRendering (142)
[2018.05.22-15.19.43:511][135]LogModuleManager: Shutting down and abandoning module AnalyticsET (140)
[2018.05.22-15.19.43:511][135]LogModuleManager: Shutting down and abandoning module ProfilerService (138)
[2018.05.22-15.19.43:516][135]LogModuleManager: Shutting down and abandoning module TaskGraph (136)
[2018.05.22-15.19.43:516][135]LogModuleManager: Shutting down and abandoning module SteamVRController (134)
[2018.05.22-15.19.43:516][135]LogModuleManager: Shutting down and abandoning module ProceduralMeshComponent (132)
[2018.05.22-15.19.43:516][135]LogModuleManager: Shutting down and abandoning module OculusInput (130)
[2018.05.22-15.19.43:516][135]LogModuleManager: Shutting down and abandoning module MobilePatchingUtils (128)
[2018.05.22-15.19.43:516][135]LogModuleManager: Shutting down and abandoning module CustomMeshComponent (126)
[2018.05.22-15.19.43:516][135]LogModuleManager: Shutting down and abandoning module CableComponent (124)
[2018.05.22-15.19.43:516][135]LogModuleManager: Shutting down and abandoning module ArchVisCharacter (122)
[2018.05.22-15.19.43:516][135]LogModuleManager: Shutting down and abandoning module AndroidPermission (120)
[2018.05.22-15.19.43:516][135]LogModuleManager: Shutting down and abandoning module ActorSequence (116)
[2018.05.22-15.19.43:516][135]LogModuleManager: Shutting down and abandoning module MediaCompositing (114)
[2018.05.22-15.19.43:516][135]LogModuleManager: Shutting down and abandoning module HTML5Networking (112)
[2018.05.22-15.19.43:516][135]LogModuleManager: Shutting down and abandoning module RuntimePhysXCooking (110)
[2018.05.22-15.19.43:516][135]LogModuleManager: Shutting down and abandoning module PhysXVehicles (108)
[2018.05.22-15.19.43:516][135]LogModuleManager: Shutting down and abandoning module LocationServicesBPLibrary (106)
[2018.05.22-15.19.43:516][135]LogModuleManager: Shutting down and abandoning module ImmediatePhysics (104)
[2018.05.22-15.19.43:516][135]LogModuleManager: Shutting down and abandoning module UdpMessaging (102)
[2018.05.22-15.19.43:516][135]LogModuleManager: Shutting down and abandoning module TcpMessaging (100)
[2018.05.22-15.19.43:516][135]LogModuleManager: Shutting down and abandoning module FacialAnimation (98)
[2018.05.22-15.19.43:516][135]LogModuleManager: Shutting down and abandoning module LightPropagationVolumeRuntime (96)
[2018.05.22-15.19.43:516][135]LogModuleManager: Shutting down and abandoning module Paper2D (94)
[2018.05.22-15.19.43:516][135]LogModuleManager: Shutting down and abandoning module WindowsMoviePlayer (92)
[2018.05.22-15.19.43:516][135]LogModuleManager: Shutting down and abandoning module WmfMedia (90)
[2018.05.22-15.19.43:520][135]LogModuleManager: Shutting down and abandoning module ImgMedia (88)
[2018.05.22-15.19.43:520][135]LogModuleManager: Shutting down and abandoning module PacketHandler (86)
[2018.05.22-15.19.43:520][135]LogModuleManager: Shutting down and abandoning module ClothingSystemRuntime (84)
[2018.05.22-15.19.43:520][135]LogModuleManager: Shutting down and abandoning module MediaAssets (82)
[2018.05.22-15.19.43:520][135]LogModuleManager: Shutting down and abandoning module Overlay (80)
[2018.05.22-15.19.43:520][135]LogModuleManager: Shutting down and abandoning module UMG (78)
[2018.05.22-15.19.43:520][135]LogModuleManager: Shutting down and abandoning module SlateReflector (76)
[2018.05.22-15.19.43:520][135]LogModuleManager: Shutting down and abandoning module Slate (74)
[2018.05.22-15.19.43:520][135]LogModuleManager: Shutting down and abandoning module MRMesh (72)
[2018.05.22-15.19.43:520][135]LogModuleManager: Shutting down and abandoning module Messaging (70)
[2018.05.22-15.19.43:520][135]LogModuleManager: Shutting down and abandoning module HeadMountedDisplay (68)
[2018.05.22-15.19.43:520][135]LogModuleManager: Shutting down and abandoning module XAudio2 (66)
[2018.05.22-15.19.43:520][135]LogModuleManager: Shutting down and abandoning module Networking (64)
[2018.05.22-15.19.43:520][135]LogModuleManager: Shutting down and abandoning module Core (60)
[2018.05.22-15.19.43:520][135]LogModuleManager: Shutting down and abandoning module LevelSequence (58)
[2018.05.22-15.19.43:520][135]LogModuleManager: Shutting down and abandoning module Media (56)
[2018.05.22-15.19.43:529][135]LogModuleManager: Shutting down and abandoning module ImageWrapper (52)
[2018.05.22-15.19.43:529][135]LogModuleManager: Shutting down and abandoning module InputCore (50)
[2018.05.22-15.19.43:529][135]LogModuleManager: Shutting down and abandoning module PhysXCooking (48)
[2018.05.22-15.19.43:529][135]LogModuleManager: Shutting down and abandoning module SteamVR (46)
[2018.05.22-15.19.43:529][135]LogModuleManager: Shutting down and abandoning module OculusHMD (44)
[2018.05.22-15.19.43:529][135]LogModuleManager: Shutting down and abandoning module ExampleDeviceProfileSelector (42)
[2018.05.22-15.19.43:529][135]LogModuleManager: Shutting down and abandoning module AppleARKit (40)
[2018.05.22-15.19.43:529][135]LogModuleManager: Shutting down and abandoning module AugmentedReality (39)
[2018.05.22-15.19.43:529][135]LogModuleManager: Shutting down and abandoning module OnlineSubsystem (34)
[2018.05.22-15.19.43:529][135]LogModuleManager: Shutting down and abandoning module HTTP (33)
[2018.05.22-15.19.43:529][135]LogHttp: Display: Http module shutting down, but needs to wait on 1 outstanding Http requests:
[2018.05.22-15.19.43:529][135]LogHttp: Display: 	verb=[POST] url=[https://datarouter.ol.epicgames.com/datarouter/api/v1/public/data?SessionID=%7BE14F41D2-46D7-CF33-5B5B-7F90DA8BDE51%7D&AppID=UEGame.Rocket.Release%7C9262012C4FA6CD28024AB6B09834D2DE%7CFirst%20Person%20BP%20Game%20Template&AppVersion=4.18.3-3832480%2B%2B%2BUE4%2BRelease-4.18&UserID=ANON-%7BD964FDDA-4280-4BA3-DDDB-258DE3B44CF9%7D%7C%7C&AppEnvironment=datacollector-binary&UploadType=eteventstream] status=Processing
[2018.05.22-15.19.43:529][135]LogHttp: Display: Sleeping 0.5s to wait for 1 outstanding Http requests.
[2018.05.22-15.19.44:031][135]LogHttp: Display: Sleeping 0.5s to wait for 1 outstanding Http requests.
[2018.05.22-15.19.44:537][135]LogModuleManager: Shutting down and abandoning module SSL (32)
[2018.05.22-15.19.44:537][135]LogModuleManager: Shutting down and abandoning module ShaderCore (28)
[2018.05.22-15.19.44:537][135]LogModuleManager: Shutting down and abandoning module Landscape (26)
[2018.05.22-15.19.44:537][135]LogModuleManager: Shutting down and abandoning module SlateRHIRenderer (24)
[2018.05.22-15.19.44:537][135]LogModuleManager: Shutting down and abandoning module OpenGLDrv (22)
[2018.05.22-15.19.44:537][135]LogModuleManager: Shutting down and abandoning module D3D11RHI (20)
[2018.05.22-15.19.44:537][135]LogModuleManager: Shutting down and abandoning module AnimGraphRuntime (18)
[2018.05.22-15.19.44:537][135]LogModuleManager: Shutting down and abandoning module Renderer (16)
[2018.05.22-15.19.44:537][135]LogModuleManager: Shutting down and abandoning module Engine (14)
[2018.05.22-15.19.44:537][135]LogModuleManager: Shutting down and abandoning module CoreUObject (12)
[2018.05.22-15.19.44:537][135]LogModuleManager: Shutting down and abandoning module NetworkFile (10)
[2018.05.22-15.19.44:537][135]LogModuleManager: Shutting down and abandoning module CookedIterativeFile (8)
[2018.05.22-15.19.44:537][135]LogModuleManager: Shutting down and abandoning module StreamingFile (6)
[2018.05.22-15.19.44:537][135]LogModuleManager: Shutting down and abandoning module SandboxFile (4)
[2018.05.22-15.19.44:537][135]LogModuleManager: Shutting down and abandoning module PakFile (2)
[2018.05.22-15.19.44:538][135]LogExit: Exiting.
[2018.05.22-15.19.44:540][135]Log file closed, 05/22/18 17:19:44
